2024-01-09 20:55:19,463 [INFO] org.restapi.SpringRestdemo.SpringRestdemoApplication [main] Starting SpringRestdemoApplication using Java 17.0.9 with PID 20264 (C:\Users\LENOVO\Downloads\S04L14 - Upgrade the app\target\classes started by LENOVO in C:\Users\LENOVO\Downloads\S04L14 - Upgrade the app)
2024-01-09 20:55:19,486 [INFO] org.restapi.SpringRestdemo.SpringRestdemoApplication [main] No active profile set, falling back to 1 default profile: "default"
2024-01-09 20:55:21,240 [INFO] org.springframework.data.repository.config.RepositoryConfigurationDelegate [main] Bootstrapping Spring Data JPA repositories in DEFAULT mode.
2024-01-09 20:55:21,366 [INFO] org.springframework.data.repository.config.RepositoryConfigurationDelegate [main] Finished Spring Data repository scanning in 110 ms. Found 3 JPA repository interfaces.
2024-01-09 20:55:23,005 [INFO] org.springframework.boot.web.embedded.tomcat.TomcatWebServer [main] Tomcat initialized with port(s): 8080 (http)
2024-01-09 20:55:23,034 [INFO] org.apache.catalina.core.StandardService [main] Starting service [Tomcat]
2024-01-09 20:55:23,036 [INFO] org.apache.catalina.core.StandardEngine [main] Starting Servlet engine: [Apache Tomcat/10.1.4]
2024-01-09 20:55:23,523 [INFO] org.apache.catalina.core.ContainerBase.[Tomcat].[localhost].[/] [main] Initializing Spring embedded WebApplicationContext
2024-01-09 20:55:23,526 [INFO] org.springframework.boot.web.servlet.context.ServletWebServerApplicationContext [main] Root WebApplicationContext: initialization completed in 3907 ms
2024-01-09 20:55:23,629 [INFO] com.zaxxer.hikari.HikariDataSource [main] HikariPool-1 - Starting...
2024-01-09 20:55:24,508 [INFO] com.zaxxer.hikari.pool.HikariPool [main] HikariPool-1 - Added connection conn0: url=jdbc:h2:file:./db/db user=ADMIN
2024-01-09 20:55:24,514 [INFO] com.zaxxer.hikari.HikariDataSource [main] HikariPool-1 - Start completed.
2024-01-09 20:55:24,574 [INFO] org.springframework.boot.autoconfigure.h2.H2ConsoleAutoConfiguration [main] H2 console available at '/db-console'. Database available at 'jdbc:h2:file:./db/db'
2024-01-09 20:55:25,026 [INFO] org.hibernate.jpa.internal.util.LogHelper [main] HHH000204: Processing PersistenceUnitInfo [name: default]
2024-01-09 20:55:25,248 [INFO] org.hibernate.Version [main] HHH000412: Hibernate ORM core version 6.1.6.Final
2024-01-09 20:55:25,688 [WARN] org.hibernate.orm.deprecation [main] HHH90000021: Encountered deprecated setting [javax.persistence.sharedCache.mode], use [jakarta.persistence.sharedCache.mode] instead
2024-01-09 20:55:26,004 [INFO] SQL dialect [main] HHH000400: Using dialect: org.hibernate.dialect.H2Dialect
2024-01-09 20:55:27,308 [INFO] org.hibernate.engine.transaction.jta.platform.internal.JtaPlatformInitiator [main] HHH000490: Using JtaPlatform implementation: [org.hibernate.engine.transaction.jta.platform.internal.NoJtaPlatform]
2024-01-09 20:55:27,324 [INFO] org.springframework.orm.jpa.LocalContainerEntityManagerFactoryBean [main] Initialized JPA EntityManagerFactory for persistence unit 'default'
2024-01-09 20:55:29,519 [WARN] org.springframework.boot.autoconfigure.orm.jpa.JpaBaseConfiguration$JpaWebConfiguration [main] spring.jpa.open-in-view is enabled by default. Therefore, database queries may be performed during view rendering. Explicitly configure spring.jpa.open-in-view to disable this warning
2024-01-09 20:55:31,529 [INFO] org.springframework.security.web.DefaultSecurityFilterChain [main] Will secure any request with [org.springframework.security.web.session.DisableEncodeUrlFilter@1c80f8dd, org.springframework.security.web.context.request.async.WebAsyncManagerIntegrationFilter@51b2b3e6, org.springframework.security.web.context.SecurityContextHolderFilter@be9bf2e, org.springframework.security.web.header.HeaderWriterFilter@b332eda, org.springframework.security.web.authentication.logout.LogoutFilter@2c750b69, org.springframework.security.oauth2.server.resource.web.authentication.BearerTokenAuthenticationFilter@69e308e2, org.springframework.security.web.savedrequest.RequestCacheAwareFilter@949f0d, org.springframework.security.web.servletapi.SecurityContextHolderAwareRequestFilter@318a81a0, org.springframework.security.web.authentication.AnonymousAuthenticationFilter@20e7152a, org.springframework.security.web.session.SessionManagementFilter@629dfb5a, org.springframework.security.web.access.ExceptionTranslationFilter@62a6a47e, org.springframework.security.web.access.intercept.AuthorizationFilter@26f7b114]
2024-01-09 20:55:32,171 [INFO] org.springframework.boot.web.embedded.tomcat.TomcatWebServer [main] Tomcat started on port(s): 8080 (http) with context path ''
2024-01-09 20:55:32,189 [INFO] org.restapi.SpringRestdemo.SpringRestdemoApplication [main] Started SpringRestdemoApplication in 13.49 seconds (process running for 14.045)
2024-01-09 20:55:41,569 [INFO] org.apache.catalina.core.ContainerBase.[Tomcat].[localhost].[/] [http-nio-8080-exec-1] Initializing Spring DispatcherServlet 'dispatcherServlet'
2024-01-09 20:55:41,572 [INFO] org.springframework.web.servlet.DispatcherServlet [http-nio-8080-exec-1] Initializing Servlet 'dispatcherServlet'
2024-01-09 20:55:41,578 [INFO] org.springframework.web.servlet.DispatcherServlet [http-nio-8080-exec-1] Completed initialization in 4 ms
2024-01-09 20:55:48,896 [INFO] org.springdoc.api.AbstractOpenApiResource [http-nio-8080-exec-1] Init duration for springdoc-openapi is: 1270 ms
